<?xml version="1.0" encoding="UTF-8"?>
<testng-results skipped="0" failed="0" ignored="0" total="2" passed="2">
  <reporter-output>
  </reporter-output>
  <suite name="Suite" duration-ms="70" started-at="2019-06-13T10:57:44Z" finished-at="2019-06-13T10:57:44Z">
    <groups>
    </groups>
    <test name="Test" duration-ms="70" started-at="2019-06-13T10:57:44Z" finished-at="2019-06-13T10:57:44Z">
      <class name="qaclickacademy.RestAPITest">
        <test-method status="PASS" signature="DleteTwitter()[pri:0, instance:qaclickacademy.RestAPITest@17550481]" name="DleteTwitter" duration-ms="14" started-at="2019-06-13T10:57:44Z" finished-at="2019-06-13T10:57:44Z">
          <reporter-output>
          </reporter-output>
        </test-method> <!-- DleteTwitter -->
        <test-method status="PASS" signature="PostJira()[pri:0, instance:qaclickacademy.RestAPITest@17550481]" name="PostJira" duration-ms="1" started-at="2019-06-13T10:57:44Z" finished-at="2019-06-13T10:57:44Z">
          <reporter-output>
          </reporter-output>
        </test-method> <!-- PostJira -->
      </class> <!-- qaclickacademy.RestAPITest -->
    </test> <!-- Test -->
  </suite> <!-- Suite -->
</testng-results>
