<?xml version="1.0" encoding="UTF-8"?>
<!-- Generated by org.testng.reporters.JUnitXMLReporter -->
<testsuite hostname="DESKTOP-0SE0796" ignored="0" name="Surefire test" tests="4" failures="0" timestamp="13 Jun 2019 10:34:36 GMT" time="0.041" errors="0">
  <testcase name="DleteTwitter" time="0.009" classname="qaclickacademy.RestAPITest"/>
  <testcase name="PostJira" time="0.0" classname="qaclickacademy.RestAPITest"/>
  <testcase name="BrowserLaunch" time="0.0" classname="qaclickacademy.SeleniumTest"/>
  <testcase name="ElementsUI" time="0.0" classname="qaclickacademy.SeleniumTest"/>
</testsuite> <!-- Surefire test -->
